Using pre-set license
Built from '2021.3/staging' branch; Version is '2021.3.11f1 (0a5ca18544bf) revision 679073'; Using compiler version '192829333'; Build Type 'Release'
OS: 'Windows 10  (10.0.19045) 64bit CoreSingleLanguage' Language: 'ru' Physical Memory: 16278 MB
BatchMode: 1, IsHumanControllingUs: 0, StartBugReporterOnCrash: 0, Is64bit: 1, IsPro: 1

COMMAND LINE ARGUMENTS:
C:\Program Files\Unity\Hub\Editor\2021.3.11f1\Editor\Unity.exe
-adb2
-batchMode
-noUpm
-name
AssetImportWorker2
-projectPath
C:/Users/admin/Documents/GitHub/VRUniverse/VRUcheba
-logFile
Logs/AssetImportWorker2.log
-srvPort
50930
Successfully changed project path to: C:/Users/admin/Documents/GitHub/VRUniverse/VRUcheba
C:/Users/admin/Documents/GitHub/VRUniverse/VRUcheba
[UnityMemory] Configuration Parameters - Can be set up in boot.config
    "memorysetup-bucket-allocator-granularity=16"
    "memorysetup-bucket-allocator-bucket-count=8"
    "memorysetup-bucket-allocator-block-size=33554432"
    "memorysetup-bucket-allocator-block-count=8"
    "memorysetup-main-allocator-block-size=16777216"
    "memorysetup-thread-allocator-block-size=16777216"
    "memorysetup-gfx-main-allocator-block-size=16777216"
    "memorysetup-gfx-thread-allocator-block-size=16777216"
    "memorysetup-cache-allocator-block-size=4194304"
    "memorysetup-typetree-allocator-block-size=2097152"
    "memorysetup-profiler-bucket-allocator-granularity=16"
    "memorysetup-profiler-bucket-allocator-bucket-count=8"
    "memorysetup-profiler-bucket-allocator-block-size=33554432"
    "memorysetup-profiler-bucket-allocator-block-count=8"
    "memorysetup-profiler-allocator-block-size=16777216"
    "memorysetup-profiler-editor-allocator-block-size=1048576"
    "memorysetup-temp-allocator-size-main=16777216"
    "memorysetup-job-temp-allocator-block-size=2097152"
    "memorysetup-job-temp-allocator-block-size-background=1048576"
    "memorysetup-job-temp-allocator-reduction-small-platforms=262144"
    "memorysetup-temp-allocator-size-background-worker=32768"
    "memorysetup-temp-allocator-size-job-worker=262144"
    "memorysetup-temp-allocator-size-preload-manager=33554432"
    "memorysetup-temp-allocator-size-nav-mesh-worker=65536"
    "memorysetup-temp-allocator-size-audio-worker=65536"
    "memorysetup-temp-allocator-size-cloud-worker=32768"
    "memorysetup-temp-allocator-size-gi-baking-worker=262144"
    "memorysetup-temp-allocator-size-gfx=262144"
Refreshing native plugins compatible for Editor in 118.29 ms, found 14 plugins.
Preloading 1 native plugins for Editor in 0.65 ms.
Initialize engine version: 2021.3.11f1 (0a5ca18544bf)
[Subsystems] Discovering subsystems at path C:/Program Files/Unity/Hub/Editor/2021.3.11f1/Editor/Data/Resources/UnitySubsystems
[Subsystems] Discovering subsystems at path C:/Users/admin/Documents/GitHub/VRUniverse/VRUcheba/Assets
GfxDevice: creating device client; threaded=0; jobified=0
Direct3D:
    Version:  Direct3D 11.0 [level 11.1]
    Renderer: NVIDIA GeForce GTX 1650 (ID=0x1f82)
    Vendor:   NVIDIA
    VRAM:     3949 MB
    Driver:   31.0.15.3623
Initialize mono
Mono path[0] = 'C:/Program Files/Unity/Hub/Editor/2021.3.11f1/Editor/Data/Managed'
Mono path[1] = 'C:/Program Files/Unity/Hub/Editor/2021.3.11f1/Editor/Data/MonoBleedingEdge/lib/mono/unityjit-win32'
Mono config path = 'C:/Program Files/Unity/Hub/Editor/2021.3.11f1/Editor/Data/MonoBleedingEdge/etc'
Using monoOptions --debugger-agent=transport=dt_socket,embedding=1,server=y,suspend=n,address=127.0.0.1:56384
Begin MonoManager ReloadAssembly
Registering precompiled unity dll's ...
Register platform support module: C:/Program Files/Unity/Hub/Editor/2021.3.11f1/Editor/Data/PlaybackEngines/AndroidPlayer/UnityEditor.Android.Extensions.dll
Register platform support module: C:/Program Files/Unity/Hub/Editor/2021.3.11f1/Editor/Data/PlaybackEngines/WindowsStandaloneSupport/UnityEditor.WindowsStandalone.Extensions.dll
Registered in 0.006355 seconds.
Native extension for WindowsStandalone target not found
Native extension for Android target not found
Refreshing native plugins compatible for Editor in 112.43 ms, found 14 plugins.
Preloading 1 native plugins for Editor in 0.07 ms.
Mono: successfully reloaded assembly
- Completed reload, in  0.652 seconds
Domain Reload Profiling:
	ReloadAssembly (653ms)
		BeginReloadAssembly (60ms)
			ExecutionOrderSort (0ms)
			DisableScriptedObjects (0ms)
			BackupInstance (0ms)
			ReleaseScriptingObjects (0ms)
			CreateAndSetChildDomain (1ms)
		EndReloadAssembly (490ms)
			LoadAssemblies (59ms)
			RebuildTransferFunctionScriptingTraits (0ms)
			SetupTypeCache (108ms)
			ReleaseScriptCaches (0ms)
			RebuildScriptCaches (25ms)
			SetupLoadedEditorAssemblies (306ms)
				LogAssemblyErrors (0ms)
				InitializePlatformSupportModulesInManaged (57ms)
				SetLoadedEditorAssemblies (0ms)
				RefreshPlugins (113ms)
				BeforeProcessingInitializeOnLoad (1ms)
				ProcessInitializeOnLoadAttributes (95ms)
				ProcessInitializeOnLoadMethodAttributes (40ms)
				AfterProcessingInitializeOnLoad (0ms)
				EditorAssembliesLoaded (0ms)
			ExecutionOrderSort2 (0ms)
			AwakeInstancesAfterBackupRestoration (0ms)
Platform modules already initialized, skipping
Registering precompiled user dll's ...
Registered in 0.009357 seconds.
Begin MonoManager ReloadAssembly
Symbol file LoadedFromMemory doesn't match image C:\Users\admin\Documents\GitHub\VRUniverse\VRUcheba\Library\PackageCache\com.unity.visualscripting@1.7.8\Editor\VisualScripting.Core\Dependencies\DotNetZip\Unity.VisualScripting.IonicZip.dll
Symbol file LoadedFromMemory doesn't match image C:\Users\admin\Documents\GitHub\VRUniverse\VRUcheba\Library\PackageCache\com.unity.visualscripting@1.7.8\Editor\VisualScripting.Core\Dependencies\YamlDotNet\Unity.VisualScripting.YamlDotNet.dll
Native extension for WindowsStandalone target not found
Native extension for Android target not found
Refreshing native plugins compatible for Editor in 102.95 ms, found 14 plugins.
Preloading 1 native plugins for Editor in 0.07 ms.
Package Manager log level set to [2]
System.Reflection.TargetInvocationException: Exception has been thrown by the target of an invocation. ---> System.NullReferenceException: Object reference not set to an instance of an object
  at Unity.XR.Oculus.OculusLoader.AssetPathToAbsolutePath (System.String assetPath) [0x0003d] in C:\Users\admin\Documents\GitHub\VRUniverse\VRUcheba\Library\PackageCache\com.unity.xr.oculus@3.0.2\Runtime\OculusLoader.cs:271 
  at Unity.XR.Oculus.OculusLoader.EditorLoadOVRPlugin () [0x0007b] in C:\Users\admin\Documents\GitHub\VRUniverse\VRUcheba\Library\PackageCache\com.unity.xr.oculus@3.0.2\Runtime\OculusLoader.cs:256 
  at (wrapper managed-to-native) System.Reflection.RuntimeMethodInfo.InternalInvoke(System.Reflection.RuntimeMethodInfo,object,object[],System.Exception&)
  at System.Reflection.RuntimeMethodInfo.Invoke (System.Object obj, System.Reflection.BindingFlags invokeAttr, System.Reflection.Binder binder, System.Object[] parameters, System.Globalization.CultureInfo culture) [0x0006a] in <9aad1b3a47484d63ba2b3985692d80e9>:0 
   --- End of inner exception stack trace ---
  at System.Reflection.RuntimeMethodInfo.Invoke (System.Object obj, System.Reflection.BindingFlags invokeAttr, System.Reflection.Binder binder, System.Object[] parameters, System.Globalization.CultureInfo culture) [0x00083] in <9aad1b3a47484d63ba2b3985692d80e9>:0 
  at System.Reflection.MethodBase.Invoke (System.Object obj, System.Object[] parameters) [0x00000] in <9aad1b3a47484d63ba2b3985692d80e9>:0 
  at UnityEditor.EditorAssemblies.ProcessInitializeOnLoadMethodAttributes () [0x000a5] in <4e64905d831f4883a53259ef37fb023b>:0 
UnityEngine.StackTraceUtility:ExtractStackTrace ()
UnityEngine.DebugLogHandler:LogFormat (UnityEngine.LogType,UnityEngine.Object,string,object[])
UnityEngine.Logger:Log (UnityEngine.LogType,object)
UnityEngine.Debug:LogError (object)
UnityEditor.EditorAssemblies:ProcessInitializeOnLoadMethodAttributes ()

Mono: successfully reloaded assembly
- Completed reload, in  1.375 seconds
Domain Reload Profiling:
	ReloadAssembly (1376ms)
		BeginReloadAssembly (212ms)
			ExecutionOrderSort (0ms)
			DisableScriptedObjects (7ms)
			BackupInstance (0ms)
			ReleaseScriptingObjects (0ms)
			CreateAndSetChildDomain (124ms)
		EndReloadAssembly (1048ms)
			LoadAssemblies (78ms)
			RebuildTransferFunctionScriptingTraits (0ms)
			SetupTypeCache (281ms)
			ReleaseScriptCaches (1ms)
			RebuildScriptCaches (64ms)
			SetupLoadedEditorAssemblies (571ms)
				LogAssemblyErrors (0ms)
				InitializePlatformSupportModulesInManaged (12ms)
				SetLoadedEditorAssemblies (0ms)
				RefreshPlugins (103ms)
				BeforeProcessingInitializeOnLoad (114ms)
				ProcessInitializeOnLoadAttributes (296ms)
				ProcessInitializeOnLoadMethodAttributes (39ms)
				AfterProcessingInitializeOnLoad (7ms)
				EditorAssembliesLoaded (0ms)
			ExecutionOrderSort2 (0ms)
			AwakeInstancesAfterBackupRestoration (5ms)
Platform modules already initialized, skipping
========================================================================
Worker process is ready to serve import requests
Launched and connected shader compiler UnityShaderCompiler.exe after 0.03 seconds
Refreshing native plugins compatible for Editor in 1.21 ms, found 14 plugins.
Preloading 1 native plugins for Editor in 0.07 ms.
Unloading 4367 Unused Serialized files (Serialized files now loaded: 0)
Unloading 51 unused Assets / (113.7 KB). Loaded Objects now: 4822.
Memory consumption went from 156.9 MB to 156.8 MB.
Total: 4.885000 ms (FindLiveObjects: 0.434100 ms CreateObjectMapping: 0.318200 ms MarkObjects: 3.958200 ms  DeleteObjects: 0.173200 ms)

AssetImportParameters requested are different than current active one (requested -> active):
  custom:video-decoder-ogg-theora: a1e56fd34408186e4bbccfd4996cb3dc -> 
  custom:container-muxer-webm: aa71ff27fc2769a1b78a27578f13a17b -> 
  custom:container-demuxer-webm: 4f35f7cbe854078d1ac9338744f61a02 -> 
  custom:video-encoder-webm-vp8: eb34c28f22e8b96e1ab97ce403110664 -> 
  custom:audio-encoder-webm-vorbis: bf7c407c2cedff20999df2af8eb42d56 -> 
  custom:framework-win-MediaFoundation: 216162199b28c13a410421893ffa2e32 -> 
  custom:container-demuxer-ogg: 62fdf1f143b41e24485cea50d1cbac27 -> 
  custom:video-decoder-webm-vp8: 9c59270c3fd7afecdb556c50c9e8de78 -> 
  custom:audio-decoder-ogg-vorbis: bf7c407c2cedff20999df2af8eb42d56 -> 
========================================================================
Received Import Request.
  Time since last request: 6551.727172 seconds.
  path: Assets/SimplePoly City - Low Poly Assets/Models/Building_Bakery.fbx
  artifactKey: Guid(ea9803764c3c1e74b83f6dda1cfa0885) Importer(815301076,1909f56bfc062723c751e8b465ee728b)
Start importing Assets/SimplePoly City - Low Poly Assets/Models/Building_Bakery.fbx using Guid(ea9803764c3c1e74b83f6dda1cfa0885) Importer(815301076,1909f56bfc062723c751e8b465ee728b)  -> (artifact id: '77ec6e2fa4e4a1bc7dda448a3e370705') in 0.161853 seconds 
========================================================================
Received Import Request.
  Time since last request: 0.000019 seconds.
  path: Assets/SimplePoly City - Low Poly Assets/Models/Building_House_01_color01.fbx
  artifactKey: Guid(6fddb771ca917c6498310bcc16a817e6) Importer(815301076,1909f56bfc062723c751e8b465ee728b)
Start importing Assets/SimplePoly City - Low Poly Assets/Models/Building_House_01_color01.fbx using Guid(6fddb771ca917c6498310bcc16a817e6) Importer(815301076,1909f56bfc062723c751e8b465ee728b)  -> (artifact id: 'b22258429a7e6929d24c7a7d84b5e762') in 0.029519 seconds 
========================================================================
Received Import Request.
  Time since last request: 0.000015 seconds.
  path: Assets/SimplePoly City - Low Poly Assets/Prefab/Buildings/Building_Chicken Shop.prefab
  artifactKey: Guid(8b3eca4c34b9e1148a3c4d42a48dd5b8) Importer(815301076,1909f56bfc062723c751e8b465ee728b)
Start importing Assets/SimplePoly City - Low Poly Assets/Prefab/Buildings/Building_Chicken Shop.prefab using Guid(8b3eca4c34b9e1148a3c4d42a48dd5b8) Importer(815301076,1909f56bfc062723c751e8b465ee728b)  -> (artifact id: '2684bef87a6c8d9f5234a11addd7b0ba') in 0.118863 seconds 
========================================================================
Received Import Request.
  Time since last request: 0.000019 seconds.
  path: Assets/SimplePoly City - Low Poly Assets/Prefab/Buildings/Building_Fruits  Shop.prefab
  artifactKey: Guid(931fa17f0ab17504bbfc8903e54e6a16) Importer(815301076,1909f56bfc062723c751e8b465ee728b)
Start importing Assets/SimplePoly City - Low Poly Assets/Prefab/Buildings/Building_Fruits  Shop.prefab using Guid(931fa17f0ab17504bbfc8903e54e6a16) Importer(815301076,1909f56bfc062723c751e8b465ee728b)  -> (artifact id: 'd38d727f4caaf36c21427e002c5c68a8') in 0.018580 seconds 
========================================================================
Received Import Request.
  Time since last request: 0.000035 seconds.
  path: Assets/SimplePoly City - Low Poly Assets/Models/Props_Traffic Sign_speed limit.fbx
  artifactKey: Guid(0954ad29f79c9c045bc4a3317ef3f978) Importer(815301076,1909f56bfc062723c751e8b465ee728b)
Start importing Assets/SimplePoly City - Low Poly Assets/Models/Props_Traffic Sign_speed limit.fbx using Guid(0954ad29f79c9c045bc4a3317ef3f978) Importer(815301076,1909f56bfc062723c751e8b465ee728b)  -> (artifact id: '5ceef0fcfdfbf95f899117f00188d94a') in 0.024167 seconds 
========================================================================
Received Import Request.
  Time since last request: 0.000022 seconds.
  path: Assets/SimplePoly City - Low Poly Assets/Prefab/Buildings/Building_Factory.prefab
  artifactKey: Guid(f6674c1362ba984468bc1e71a2323d66) Importer(815301076,1909f56bfc062723c751e8b465ee728b)
Start importing Assets/SimplePoly City - Low Poly Assets/Prefab/Buildings/Building_Factory.prefab using Guid(f6674c1362ba984468bc1e71a2323d66) Importer(815301076,1909f56bfc062723c751e8b465ee728b)  -> (artifact id: '44ba649c6ac17a0d311e71b4ab1843c8') in 0.015676 seconds 
========================================================================
Received Import Request.
  Time since last request: 0.000018 seconds.
  path: Assets/SimplePoly City - Low Poly Assets/Prefab/Buildings/Building_House_03_color01.prefab
  artifactKey: Guid(11c264ca1bac5d74d883c776435fa684) Importer(815301076,1909f56bfc062723c751e8b465ee728b)
Start importing Assets/SimplePoly City - Low Poly Assets/Prefab/Buildings/Building_House_03_color01.prefab using Guid(11c264ca1bac5d74d883c776435fa684) Importer(815301076,1909f56bfc062723c751e8b465ee728b)  -> (artifact id: 'f4bd5c67c8fc26cdebe8eb93fb5bbe5f') in 0.015551 seconds 
========================================================================
Received Import Request.
  Time since last request: 0.000021 seconds.
  path: Assets/SimplePoly City - Low Poly Assets/Models/Building_Stadium.fbx
  artifactKey: Guid(8d799610519b6274c8bb35a7fd95f5f5) Importer(815301076,1909f56bfc062723c751e8b465ee728b)
Start importing Assets/SimplePoly City - Low Poly Assets/Models/Building_Stadium.fbx using Guid(8d799610519b6274c8bb35a7fd95f5f5) Importer(815301076,1909f56bfc062723c751e8b465ee728b)  -> (artifact id: '6b9b1571b7b0cf5b552d0768b8b0d387') in 0.019184 seconds 
========================================================================
Received Import Request.
  Time since last request: 0.000018 seconds.
  path: Assets/SimplePoly City - Low Poly Assets/Prefab/Buildings/Building_Bakery.prefab
  artifactKey: Guid(65abb0f1b521f834bae80ea4c9d93734) Importer(815301076,1909f56bfc062723c751e8b465ee728b)
Start importing Assets/SimplePoly City - Low Poly Assets/Prefab/Buildings/Building_Bakery.prefab using Guid(65abb0f1b521f834bae80ea4c9d93734) Importer(815301076,1909f56bfc062723c751e8b465ee728b)  -> (artifact id: '5bb4d9b2f6a0f2e26ddfb7d96f9e6c96') in 0.014305 seconds 
========================================================================
Received Import Request.
  Time since last request: 0.000021 seconds.
  path: Assets/SimplePoly City - Low Poly Assets/Models/Building_Books Shop.fbx
  artifactKey: Guid(2c2dcc3c02224de46b4813f3110dca1f) Importer(815301076,1909f56bfc062723c751e8b465ee728b)
Start importing Assets/SimplePoly City - Low Poly Assets/Models/Building_Books Shop.fbx using Guid(2c2dcc3c02224de46b4813f3110dca1f) Importer(815301076,1909f56bfc062723c751e8b465ee728b)  -> (artifact id: '859b3769b4d92639d636b6ed778a4162') in 0.020387 seconds 
========================================================================
Received Import Request.
  Time since last request: 0.000019 seconds.
  path: Assets/SimplePoly City - Low Poly Assets/Models/Props_Roof Solar Panel.fbx
  artifactKey: Guid(033999da19ac9074d84c50be8da3917e) Importer(815301076,1909f56bfc062723c751e8b465ee728b)
Start importing Assets/SimplePoly City - Low Poly Assets/Models/Props_Roof Solar Panel.fbx using Guid(033999da19ac9074d84c50be8da3917e) Importer(815301076,1909f56bfc062723c751e8b465ee728b)  -> (artifact id: '2b8d41a90ec05a1f4365c077d2f05214') in 0.020803 seconds 
========================================================================
Received Import Request.
  Time since last request: 0.000023 seconds.
  path: Assets/SimplePoly City - Low Poly Assets/Models/Road T_Intersection_02.fbx
  artifactKey: Guid(a6fe5bcbc6a87fb41af9ba32e09b0cda) Importer(815301076,1909f56bfc062723c751e8b465ee728b)
Start importing Assets/SimplePoly City - Low Poly Assets/Models/Road T_Intersection_02.fbx using Guid(a6fe5bcbc6a87fb41af9ba32e09b0cda) Importer(815301076,1909f56bfc062723c751e8b465ee728b)  -> (artifact id: '7036cf88b6d79162f735624740ac65bc') in 0.019650 seconds 
========================================================================
Received Import Request.
  Time since last request: 0.000022 seconds.
  path: Assets/SimplePoly City - Low Poly Assets/Prefab/Buildings/Building_Drug Store.prefab
  artifactKey: Guid(5dd9f8de2583df543859013bcdc56639) Importer(815301076,1909f56bfc062723c751e8b465ee728b)
Start importing Assets/SimplePoly City - Low Poly Assets/Prefab/Buildings/Building_Drug Store.prefab using Guid(5dd9f8de2583df543859013bcdc56639) Importer(815301076,1909f56bfc062723c751e8b465ee728b)  -> (artifact id: 'cb9dc809a52c2670cb114ec492d9a432') in 0.015060 seconds 
========================================================================
Received Import Request.
  Time since last request: 0.000021 seconds.
  path: Assets/SimplePoly City - Low Poly Assets/Prefab/Buildings/Building_House_03_color02.prefab
  artifactKey: Guid(e2ffb9183a7dce445adfb3d2d4d7bfd6) Importer(815301076,1909f56bfc062723c751e8b465ee728b)
Start importing Assets/SimplePoly City - Low Poly Assets/Prefab/Buildings/Building_House_03_color02.prefab using Guid(e2ffb9183a7dce445adfb3d2d4d7bfd6) Importer(815301076,1909f56bfc062723c751e8b465ee728b)  -> (artifact id: '67c99bbf243ef9e0027e06b617be2f13') in 0.017322 seconds 
========================================================================
Received Import Request.
  Time since last request: 0.000034 seconds.
  path: Assets/SimplePoly City - Low Poly Assets/Prefab/Buildings/Building_House_01_color03.prefab
  artifactKey: Guid(92dcd407350173049ab8c86482fadf42) Importer(815301076,1909f56bfc062723c751e8b465ee728b)
Start importing Assets/SimplePoly City - Low Poly Assets/Prefab/Buildings/Building_House_01_color03.prefab using Guid(92dcd407350173049ab8c86482fadf42) Importer(815301076,1909f56bfc062723c751e8b465ee728b)  -> (artifact id: 'b5393f7b25ac1f3be6463f415580b03b') in 0.015973 seconds 
========================================================================
Received Import Request.
  Time since last request: 0.000023 seconds.
  path: Assets/SimplePoly City - Low Poly Assets/Models/Building_Residential_color01.fbx
  artifactKey: Guid(42f28010e67310c4c9ea88fbc4084fc6) Importer(815301076,1909f56bfc062723c751e8b465ee728b)
Start importing Assets/SimplePoly City - Low Poly Assets/Models/Building_Residential_color01.fbx using Guid(42f28010e67310c4c9ea88fbc4084fc6) Importer(815301076,1909f56bfc062723c751e8b465ee728b)  -> (artifact id: 'c9cee924fc8f2596fab0a636a6272ba9') in 0.020528 seconds 
========================================================================
Received Import Request.
  Time since last request: 0.000024 seconds.
  path: Assets/SimplePoly City - Low Poly Assets/Models/Building_Restaurant.fbx
  artifactKey: Guid(efc62b24c745a1f469c0d1453dfb41e3) Importer(815301076,1909f56bfc062723c751e8b465ee728b)
Start importing Assets/SimplePoly City - Low Poly Assets/Models/Building_Restaurant.fbx using Guid(efc62b24c745a1f469c0d1453dfb41e3) Importer(815301076,1909f56bfc062723c751e8b465ee728b)  -> (artifact id: 'b4e262fb9a45fc34d608a83d521a0761') in 0.020857 seconds 
========================================================================
Received Import Request.
  Time since last request: 0.000017 seconds.
  path: Assets/SimplePoly City - Low Poly Assets/Models/Vehicle_Bus_separate.fbx
  artifactKey: Guid(bec0886ced73844469c2edf3ebb4b047) Importer(815301076,1909f56bfc062723c751e8b465ee728b)
Start importing Assets/SimplePoly City - Low Poly Assets/Models/Vehicle_Bus_separate.fbx using Guid(bec0886ced73844469c2edf3ebb4b047) Importer(815301076,1909f56bfc062723c751e8b465ee728b)  -> (artifact id: '3e1a2cee54a2f78e26aa48f899a20513') in 0.067419 seconds 
========================================================================
Received Import Request.
  Time since last request: 0.000019 seconds.
  path: Assets/SimplePoly City - Low Poly Assets/Prefab/Buildings/Building_Auto Service.prefab
  artifactKey: Guid(121f662ea65e2cf40a50c66470757a9e) Importer(815301076,1909f56bfc062723c751e8b465ee728b)
Start importing Assets/SimplePoly City - Low Poly Assets/Prefab/Buildings/Building_Auto Service.prefab using Guid(121f662ea65e2cf40a50c66470757a9e) Importer(815301076,1909f56bfc062723c751e8b465ee728b)  -> (artifact id: '578225809c91289f1189a33c2fb987df') in 0.016477 seconds 
========================================================================
Received Import Request.
  Time since last request: 0.000021 seconds.
  path: Assets/SimplePoly City - Low Poly Assets/Models/Props_Roof Antenna.fbx
  artifactKey: Guid(cbdf54dd7a2ad4245a1dd6ccba9cc813) Importer(815301076,1909f56bfc062723c751e8b465ee728b)
Start importing Assets/SimplePoly City - Low Poly Assets/Models/Props_Roof Antenna.fbx using Guid(cbdf54dd7a2ad4245a1dd6ccba9cc813) Importer(815301076,1909f56bfc062723c751e8b465ee728b)  -> (artifact id: 'dec3a18f4fbbe8c6fa7fc722d75ef691') in 0.020643 seconds 
========================================================================
Received Import Request.
  Time since last request: 0.000025 seconds.
  path: Assets/SimplePoly City - Low Poly Assets/Models/Props_Coffee shop chair.fbx
  artifactKey: Guid(23816e0039304184c9d9f74b067ca30e) Importer(815301076,1909f56bfc062723c751e8b465ee728b)
Start importing Assets/SimplePoly City - Low Poly Assets/Models/Props_Coffee shop chair.fbx using Guid(23816e0039304184c9d9f74b067ca30e) Importer(815301076,1909f56bfc062723c751e8b465ee728b)  -> (artifact id: '3f223e75bdf5a503234a311405200665') in 0.021648 seconds 
========================================================================
Received Import Request.
  Time since last request: 0.000028 seconds.
  path: Assets/SimplePoly City - Low Poly Assets/Prefab/Buildings/Building_Music Store.prefab
  artifactKey: Guid(1682119d19a954f4a8020f36112606ed) Importer(815301076,1909f56bfc062723c751e8b465ee728b)
Start importing Assets/SimplePoly City - Low Poly Assets/Prefab/Buildings/Building_Music Store.prefab using Guid(1682119d19a954f4a8020f36112606ed) Importer(815301076,1909f56bfc062723c751e8b465ee728b)  -> (artifact id: 'b3cd0c943f2e6b4b1bba18b26f463bef') in 0.015835 seconds 
========================================================================
Received Import Request.
  Time since last request: 0.000024 seconds.
  path: Assets/SimplePoly City - Low Poly Assets/Models/Building_Auto Service.fbx
  artifactKey: Guid(c886fb979d2b589419f4cd3003261086) Importer(815301076,1909f56bfc062723c751e8b465ee728b)
Start importing Assets/SimplePoly City - Low Poly Assets/Models/Building_Auto Service.fbx using Guid(c886fb979d2b589419f4cd3003261086) Importer(815301076,1909f56bfc062723c751e8b465ee728b)  -> (artifact id: '0a1515b9f61a98d4775d4e2510023501') in 0.019319 seconds 
========================================================================
Received Import Request.
  Time since last request: 0.000018 seconds.
  path: Assets/SimplePoly City - Low Poly Assets/Models/Vehicle_Container.fbx
  artifactKey: Guid(af2166692e99625489131a7bf2114bd6) Importer(815301076,1909f56bfc062723c751e8b465ee728b)
Start importing Assets/SimplePoly City - Low Poly Assets/Models/Vehicle_Container.fbx using Guid(af2166692e99625489131a7bf2114bd6) Importer(815301076,1909f56bfc062723c751e8b465ee728b)  -> (artifact id: '6eb804a7301501462b559400ba3ec94b') in 0.020275 seconds 
========================================================================
Received Import Request.
  Time since last request: 0.000021 seconds.
  path: Assets/SimplePoly City - Low Poly Assets/Models/Vehicle_Car_separate.fbx
  artifactKey: Guid(62742ca8cd0c30a44b9301b3fae00884) Importer(815301076,1909f56bfc062723c751e8b465ee728b)
Start importing Assets/SimplePoly City - Low Poly Assets/Models/Vehicle_Car_separate.fbx using Guid(62742ca8cd0c30a44b9301b3fae00884) Importer(815301076,1909f56bfc062723c751e8b465ee728b)  -> (artifact id: '8bcf7cc5cc6384b54de4e00f8b633cab') in 0.071511 seconds 
========================================================================
Received Import Request.
  Time since last request: 0.000023 seconds.
  path: Assets/SimplePoly City - Low Poly Assets/Models/Props_Roof_prop.fbx
  artifactKey: Guid(46c5f3202ef79174c9c96903bbae627a) Importer(815301076,1909f56bfc062723c751e8b465ee728b)
Start importing Assets/SimplePoly City - Low Poly Assets/Models/Props_Roof_prop.fbx using Guid(46c5f3202ef79174c9c96903bbae627a) Importer(815301076,1909f56bfc062723c751e8b465ee728b)  -> (artifact id: 'e3ba5b4de689b4b88552272114b33afb') in 0.020095 seconds 
========================================================================
Received Import Request.
  Time since last request: 0.000028 seconds.
  path: Assets/SimplePoly City - Low Poly Assets/Models/Props_Roof prop air.fbx
  artifactKey: Guid(dccc704d9a70b064b8d29fe27fcbc17b) Importer(815301076,1909f56bfc062723c751e8b465ee728b)
Start importing Assets/SimplePoly City - Low Poly Assets/Models/Props_Roof prop air.fbx using Guid(dccc704d9a70b064b8d29fe27fcbc17b) Importer(815301076,1909f56bfc062723c751e8b465ee728b)  -> (artifact id: '7668744e9f65f314b884d68601f7cb27') in 0.020014 seconds 
========================================================================
Received Import Request.
  Time since last request: 0.000020 seconds.
  path: Assets/SimplePoly City - Low Poly Assets/Models/Road Corner_02.fbx
  artifactKey: Guid(b38a4b1b87a3b81429916ae40f4a3f6f) Importer(815301076,1909f56bfc062723c751e8b465ee728b)
Start importing Assets/SimplePoly City - Low Poly Assets/Models/Road Corner_02.fbx using Guid(b38a4b1b87a3b81429916ae40f4a3f6f) Importer(815301076,1909f56bfc062723c751e8b465ee728b)  -> (artifact id: 'e2a19ca0a99974d8abae838a599c55b7') in 0.020891 seconds 
========================================================================
Received Import Request.
  Time since last request: 0.000049 seconds.
  path: Assets/SimplePoly City - Low Poly Assets/Models/Natures_Grass Fence.fbx
  artifactKey: Guid(f84563c4522be5e4bbef79b6a74da743) Importer(815301076,1909f56bfc062723c751e8b465ee728b)
Start importing Assets/SimplePoly City - Low Poly Assets/Models/Natures_Grass Fence.fbx using Guid(f84563c4522be5e4bbef79b6a74da743) Importer(815301076,1909f56bfc062723c751e8b465ee728b)  -> (artifact id: 'cc5841ec6216e84124e74400a89a7513') in 0.021094 seconds 
========================================================================
Received Import Request.
  Time since last request: 0.000024 seconds.
  path: Assets/SimplePoly City - Low Poly Assets/Models/Vehicle_Police Car_separate.fbx
  artifactKey: Guid(9cfaa27d2ed0cb5489d16d0b33a850bb) Importer(815301076,1909f56bfc062723c751e8b465ee728b)
Start importing Assets/SimplePoly City - Low Poly Assets/Models/Vehicle_Police Car_separate.fbx using Guid(9cfaa27d2ed0cb5489d16d0b33a850bb) Importer(815301076,1909f56bfc062723c751e8b465ee728b)  -> (artifact id: 'dd58e361360ed0574308f4dc8cd73a1d') in 0.067020 seconds 
========================================================================
Received Import Request.
  Time since last request: 0.000027 seconds.
  path: Assets/SimplePoly City - Low Poly Assets/Prefab/Buildings/Building_House_04_color01.prefab
  artifactKey: Guid(63243ce2fd6113e4384abc2d949cb799) Importer(815301076,1909f56bfc062723c751e8b465ee728b)
Start importing Assets/SimplePoly City - Low Poly Assets/Prefab/Buildings/Building_House_04_color01.prefab using Guid(63243ce2fd6113e4384abc2d949cb799) Importer(815301076,1909f56bfc062723c751e8b465ee728b)  -> (artifact id: '78a2c92fe02d2708227317029da3a9aa') in 0.016211 seconds 
========================================================================
Received Import Request.
  Time since last request: 0.000017 seconds.
  path: Assets/SimplePoly City - Low Poly Assets/Models/Building_Pizza.fbx
  artifactKey: Guid(d015ce89362e9504890f33e36733d925) Importer(815301076,1909f56bfc062723c751e8b465ee728b)
Start importing Assets/SimplePoly City - Low Poly Assets/Models/Building_Pizza.fbx using Guid(d015ce89362e9504890f33e36733d925) Importer(815301076,1909f56bfc062723c751e8b465ee728b)  -> (artifact id: '952b9e48499756b14d65e95d293ff2e8') in 0.020578 seconds 
========================================================================
Received Import Request.
  Time since last request: 0.000023 seconds.
  path: Assets/SimplePoly City - Low Poly Assets/Models/Props_Traffic Sign_stop.fbx
  artifactKey: Guid(ffcc7ab27000f2a4dbcc4ff9f0526b4d) Importer(815301076,1909f56bfc062723c751e8b465ee728b)
Start importing Assets/SimplePoly City - Low Poly Assets/Models/Props_Traffic Sign_stop.fbx using Guid(ffcc7ab27000f2a4dbcc4ff9f0526b4d) Importer(815301076,1909f56bfc062723c751e8b465ee728b)  -> (artifact id: 'aa05e24c84dfea6d2b59a22a67ffeeec') in 0.020929 seconds 
========================================================================
Received Import Request.
  Time since last request: 0.000023 seconds.
  path: Assets/SimplePoly City - Low Poly Assets/Models/Building_Fast Food.fbx
  artifactKey: Guid(4ddf9dbec6534a14a9612193ee06f4d2) Importer(815301076,1909f56bfc062723c751e8b465ee728b)
Start importing Assets/SimplePoly City - Low Poly Assets/Models/Building_Fast Food.fbx using Guid(4ddf9dbec6534a14a9612193ee06f4d2) Importer(815301076,1909f56bfc062723c751e8b465ee728b)  -> (artifact id: '41f4bf220c4fc9851dce2091f4e66971') in 0.019405 seconds 
========================================================================
Received Import Request.
  Time since last request: 0.000025 seconds.
  path: Assets/SimplePoly City - Low Poly Assets/Prefab/Buildings/Building_House_01_color02.prefab
  artifactKey: Guid(1f284b42849610642bfb5d418a57840b) Importer(815301076,1909f56bfc062723c751e8b465ee728b)
Start importing Assets/SimplePoly City - Low Poly Assets/Prefab/Buildings/Building_House_01_color02.prefab using Guid(1f284b42849610642bfb5d418a57840b) Importer(815301076,1909f56bfc062723c751e8b465ee728b)  -> (artifact id: '2a33441cda1291d40191a231f636740e') in 0.015106 seconds 
========================================================================
Received Import Request.
  Time since last request: 0.000031 seconds.
  path: Assets/SimplePoly City - Low Poly Assets/Models/Vehicle_Pick up Truck_separate.fbx
  artifactKey: Guid(c99e98d2e12a88c42912742cf2de3eb6) Importer(815301076,1909f56bfc062723c751e8b465ee728b)
Start importing Assets/SimplePoly City - Low Poly Assets/Models/Vehicle_Pick up Truck_separate.fbx using Guid(c99e98d2e12a88c42912742cf2de3eb6) Importer(815301076,1909f56bfc062723c751e8b465ee728b)  -> (artifact id: 'efc2515629270ce49debb15618d2e8f3') in 0.066877 seconds 
========================================================================
Received Import Request.
  Time since last request: 0.000021 seconds.
  path: Assets/SimplePoly City - Low Poly Assets/Models/Props_Hydrant.fbx
  artifactKey: Guid(aa7a6aea7692eb346af29dcc7e73ee95) Importer(815301076,1909f56bfc062723c751e8b465ee728b)
Start importing Assets/SimplePoly City - Low Poly Assets/Models/Props_Hydrant.fbx using Guid(aa7a6aea7692eb346af29dcc7e73ee95) Importer(815301076,1909f56bfc062723c751e8b465ee728b)  -> (artifact id: '7c20b24d792da4c05feadd4a97a400d8') in 0.027245 seconds 
========================================================================
Received Import Request.
  Time since last request: 0.000020 seconds.
  path: Assets/SimplePoly City - Low Poly Assets/Models/Natures_Pot Bush_big.fbx
  artifactKey: Guid(47c1421697edd00439084088bf4efb68) Importer(815301076,1909f56bfc062723c751e8b465ee728b)
Start importing Assets/SimplePoly City - Low Poly Assets/Models/Natures_Pot Bush_big.fbx using Guid(47c1421697edd00439084088bf4efb68) Importer(815301076,1909f56bfc062723c751e8b465ee728b)  -> (artifact id: '3304fef25d0531f468f9804563dfa705') in 0.020893 seconds 
========================================================================
Received Import Request.
  Time since last request: 0.000017 seconds.
  path: Assets/SimplePoly City - Low Poly Assets/Models/Props_BillBoard_small.fbx
  artifactKey: Guid(98b9127e094001849abe00d6ae4f1c85) Importer(815301076,1909f56bfc062723c751e8b465ee728b)
Start importing Assets/SimplePoly City - Low Poly Assets/Models/Props_BillBoard_small.fbx using Guid(98b9127e094001849abe00d6ae4f1c85) Importer(815301076,1909f56bfc062723c751e8b465ee728b)  -> (artifact id: '44ccf9247098a8aaf3e67f41f927de9a') in 0.021236 seconds 
========================================================================
Received Import Request.
  Time since last request: 0.000018 seconds.
  path: Assets/SimplePoly City - Low Poly Assets/Prefab/Buildings/Building_House_02_color03.prefab
  artifactKey: Guid(3a0bc997d3424474696ad8d2e7d684ab) Importer(815301076,1909f56bfc062723c751e8b465ee728b)
Start importing Assets/SimplePoly City - Low Poly Assets/Prefab/Buildings/Building_House_02_color03.prefab using Guid(3a0bc997d3424474696ad8d2e7d684ab) Importer(815301076,1909f56bfc062723c751e8b465ee728b)  -> (artifact id: '51b98c69907834b99394d5b626b56eae') in 0.017449 seconds 
========================================================================
Received Import Request.
  Time since last request: 0.000020 seconds.
  path: Assets/SimplePoly City - Low Poly Assets/Models/Building_Factory.fbx
  artifactKey: Guid(932be02d2912c394786d8ec1d2007f18) Importer(815301076,1909f56bfc062723c751e8b465ee728b)
Start importing Assets/SimplePoly City - Low Poly Assets/Models/Building_Factory.fbx using Guid(932be02d2912c394786d8ec1d2007f18) Importer(815301076,1909f56bfc062723c751e8b465ee728b)  -> (artifact id: 'ae722f7bfed3e11a2408782346c430f5') in 0.019702 seconds 
========================================================================
Received Import Request.
  Time since last request: 0.000029 seconds.
  path: Assets/SimplePoly City - Low Poly Assets/Prefab/Buildings/Building_Gift Shop.prefab
  artifactKey: Guid(9ccda285cd5f1ce4fa00133b50ba5cbc) Importer(815301076,1909f56bfc062723c751e8b465ee728b)
Start importing Assets/SimplePoly City - Low Poly Assets/Prefab/Buildings/Building_Gift Shop.prefab using Guid(9ccda285cd5f1ce4fa00133b50ba5cbc) Importer(815301076,1909f56bfc062723c751e8b465ee728b)  -> (artifact id: '7b797876d61441306675862926e75fb1') in 0.016344 seconds 
========================================================================
Received Import Request.
  Time since last request: 0.000036 seconds.
  path: Assets/SimplePoly City - Low Poly Assets/Models/Natures_Grass Bar.fbx
  artifactKey: Guid(60550932e430af1479cebb05e97130ae) Importer(815301076,1909f56bfc062723c751e8b465ee728b)
Start importing Assets/SimplePoly City - Low Poly Assets/Models/Natures_Grass Bar.fbx using Guid(60550932e430af1479cebb05e97130ae) Importer(815301076,1909f56bfc062723c751e8b465ee728b)  -> (artifact id: '0b3a9b7a153f6d9c88c0b24e5dd1a380') in 0.021336 seconds 
========================================================================
Received Import Request.
  Time since last request: 0.000019 seconds.
  path: Assets/SimplePoly City - Low Poly Assets/Models/Road Lane_04.fbx
  artifactKey: Guid(2397ca4030d2a7446812ad23c04c9821) Importer(815301076,1909f56bfc062723c751e8b465ee728b)
Start importing Assets/SimplePoly City - Low Poly Assets/Models/Road Lane_04.fbx using Guid(2397ca4030d2a7446812ad23c04c9821) Importer(815301076,1909f56bfc062723c751e8b465ee728b)  -> (artifact id: 'e644a7cb697a8323be04108cb0033c88') in 0.019391 seconds 
========================================================================
Received Import Request.
  Time since last request: 54.349434 seconds.
  path: Assets/SimplePoly City - Low Poly Assets/Prefab/Roads
  artifactKey: Guid(93ef14120b36e164397150d7a274e398) Importer(815301076,1909f56bfc062723c751e8b465ee728b)
Start importing Assets/SimplePoly City - Low Poly Assets/Prefab/Roads using Guid(93ef14120b36e164397150d7a274e398) Importer(815301076,1909f56bfc062723c751e8b465ee728b)  -> (artifact id: 'f10f12917336fe75f30be7157957cf74') in 0.008573 seconds 
========================================================================
Received Import Request.
  Time since last request: 0.022744 seconds.
  path: Assets/SimplePoly City - Low Poly Assets/Prefab/Roads/Road Concrete Tile Small.prefab
  artifactKey: Guid(64be6214af4540d40882279ed35878bd) Importer(815301076,1909f56bfc062723c751e8b465ee728b)
Start importing Assets/SimplePoly City - Low Poly Assets/Prefab/Roads/Road Concrete Tile Small.prefab using Guid(64be6214af4540d40882279ed35878bd) Importer(815301076,1909f56bfc062723c751e8b465ee728b)  -> (artifact id: '6e53ec6c97d4ccca08293560cb7214af') in 0.013878 seconds 
========================================================================
Received Import Request.
  Time since last request: 0.000018 seconds.
  path: Assets/SimplePoly City - Low Poly Assets/Prefab/Roads/Road Lane Half.prefab
  artifactKey: Guid(87cc36a45a321ad478c47c9fec13dbd3) Importer(815301076,1909f56bfc062723c751e8b465ee728b)
Start importing Assets/SimplePoly City - Low Poly Assets/Prefab/Roads/Road Lane Half.prefab using Guid(87cc36a45a321ad478c47c9fec13dbd3) Importer(815301076,1909f56bfc062723c751e8b465ee728b)  -> (artifact id: '8161c540cb762b61b09db3aa246c3b43') in 0.014992 seconds 
========================================================================
Received Import Request.
  Time since last request: 0.000023 seconds.
  path: Assets/SimplePoly City - Low Poly Assets/Prefab/Roads/Road Lane Bus Stop.prefab
  artifactKey: Guid(3da5840b5d838524cb0128fbccf00053) Importer(815301076,1909f56bfc062723c751e8b465ee728b)
Start importing Assets/SimplePoly City - Low Poly Assets/Prefab/Roads/Road Lane Bus Stop.prefab using Guid(3da5840b5d838524cb0128fbccf00053) Importer(815301076,1909f56bfc062723c751e8b465ee728b)  -> (artifact id: '8b1b1afe3ba6c18267265931b868238e') in 0.013989 seconds 
========================================================================
Received Import Request.
  Time since last request: 0.000019 seconds.
  path: Assets/SimplePoly City - Low Poly Assets/Prefab/Roads/Road Intersection_01.prefab
  artifactKey: Guid(47ef019eb3bddab469e56e5a31eebf68) Importer(815301076,1909f56bfc062723c751e8b465ee728b)
Start importing Assets/SimplePoly City - Low Poly Assets/Prefab/Roads/Road Intersection_01.prefab using Guid(47ef019eb3bddab469e56e5a31eebf68) Importer(815301076,1909f56bfc062723c751e8b465ee728b)  -> (artifact id: '92283daebbcda2731e5d8f94eebc8de7') in 0.014585 seconds 
========================================================================
Received Import Request.
  Time since last request: 0.000023 seconds.
  path: Assets/SimplePoly City - Low Poly Assets/Prefab/Roads/Road T_Intersection_01.prefab
  artifactKey: Guid(cbc86bb57f673ba45a8426789eb0fac0) Importer(815301076,1909f56bfc062723c751e8b465ee728b)
Start importing Assets/SimplePoly City - Low Poly Assets/Prefab/Roads/Road T_Intersection_01.prefab using Guid(cbc86bb57f673ba45a8426789eb0fac0) Importer(815301076,1909f56bfc062723c751e8b465ee728b)  -> (artifact id: 'b17c3f3a25fc212c0f62041fc143e3f9') in 0.015494 seconds 
========================================================================
Received Import Request.
  Time since last request: 0.000017 seconds.
  path: Assets/SimplePoly City - Low Poly Assets/Prefab/Roads/Road Sidewalk.prefab
  artifactKey: Guid(3181f15579d1b0c46872c9980226268b) Importer(815301076,1909f56bfc062723c751e8b465ee728b)
Start importing Assets/SimplePoly City - Low Poly Assets/Prefab/Roads/Road Sidewalk.prefab using Guid(3181f15579d1b0c46872c9980226268b) Importer(815301076,1909f56bfc062723c751e8b465ee728b)  -> (artifact id: '5ae86edd1598e3759cfb18c0435a8747') in 0.014326 seconds 
========================================================================
Received Import Request.
  Time since last request: 603.417759 seconds.
  path: Assets/SimplePoly City - Low Poly Assets/Prefab/Buildings
  artifactKey: Guid(d61ddd7e72f01ea43934706c0e011066) Importer(815301076,1909f56bfc062723c751e8b465ee728b)
Start importing Assets/SimplePoly City - Low Poly Assets/Prefab/Buildings using Guid(d61ddd7e72f01ea43934706c0e011066) Importer(815301076,1909f56bfc062723c751e8b465ee728b)  -> (artifact id: '92074d90966eba5cae6084e02abc380a') in 0.008035 seconds 
========================================================================
Received Import Request.
  Time since last request: 61.960754 seconds.
  path: Assets/SimplePoly City - Low Poly Assets/Materials/Building Sky_big_color01.mat
  artifactKey: Guid(0238b0371d23a1b4d98b05c3ff3b4df7) Importer(815301076,1909f56bfc062723c751e8b465ee728b)
Start importing Assets/SimplePoly City - Low Poly Assets/Materials/Building Sky_big_color01.mat using Guid(0238b0371d23a1b4d98b05c3ff3b4df7) Importer(815301076,1909f56bfc062723c751e8b465ee728b)  -> (artifact id: '79b7a879768f8c678343cce3e4eba6dc') in 0.034120 seconds 
========================================================================
Received Import Request.
  Time since last request: 0.000020 seconds.
  path: Assets/SimplePoly City - Low Poly Assets/Materials/Vehicle_SUV_color02.mat
  artifactKey: Guid(6635f2e276b1e904bb60b1e67d0853da) Importer(815301076,1909f56bfc062723c751e8b465ee728b)
Start importing Assets/SimplePoly City - Low Poly Assets/Materials/Vehicle_SUV_color02.mat using Guid(6635f2e276b1e904bb60b1e67d0853da) Importer(815301076,1909f56bfc062723c751e8b465ee728b)  -> (artifact id: '71b8f13fe62606ad6c43851537da3fba') in 0.014866 seconds 
========================================================================
Received Import Request.
  Time since last request: 0.000026 seconds.
  path: Assets/SimplePoly City - Low Poly Assets/Materials/Vehicle_Container_color02.mat
  artifactKey: Guid(28c4d6fc3a6598a49bd5947f62155562) Importer(815301076,1909f56bfc062723c751e8b465ee728b)
Start importing Assets/SimplePoly City - Low Poly Assets/Materials/Vehicle_Container_color02.mat using Guid(28c4d6fc3a6598a49bd5947f62155562) Importer(815301076,1909f56bfc062723c751e8b465ee728b)  -> (artifact id: '156ed6e81c1f083ffdefed5c27afa1da') in 0.014773 seconds 
========================================================================
Received Import Request.
  Time since last request: 0.000020 seconds.
  path: Assets/SimplePoly City - Low Poly Assets/Materials/Props_BillBoard_small.mat
  artifactKey: Guid(dcbee53a8041c594aaf20d616c6ed33a) Importer(815301076,1909f56bfc062723c751e8b465ee728b)
Start importing Assets/SimplePoly City - Low Poly Assets/Materials/Props_BillBoard_small.mat using Guid(dcbee53a8041c594aaf20d616c6ed33a) Importer(815301076,1909f56bfc062723c751e8b465ee728b)  -> (artifact id: 'e2201601f54412d5b844aeee383e060d') in 0.019608 seconds 
========================================================================
Received Import Request.
  Time since last request: 0.000015 seconds.
  path: Assets/SimplePoly City - Low Poly Assets/Materials/Building_Gas Station.mat
  artifactKey: Guid(5008df5fba3101c4c81e4cf6b008c663) Importer(815301076,1909f56bfc062723c751e8b465ee728b)
Start importing Assets/SimplePoly City - Low Poly Assets/Materials/Building_Gas Station.mat using Guid(5008df5fba3101c4c81e4cf6b008c663) Importer(815301076,1909f56bfc062723c751e8b465ee728b)  -> (artifact id: '00a04a5a1273bbea10eb4f7c0be77396') in 0.014319 seconds 
========================================================================
Received Import Request.
  Time since last request: 0.000020 seconds.
  path: Assets/SimplePoly City - Low Poly Assets/Materials/Building_House_03_color01.mat
  artifactKey: Guid(ca3609b9bffbfb14ab8e97e2329ad3b0) Importer(815301076,1909f56bfc062723c751e8b465ee728b)
Start importing Assets/SimplePoly City - Low Poly Assets/Materials/Building_House_03_color01.mat using Guid(ca3609b9bffbfb14ab8e97e2329ad3b0) Importer(815301076,1909f56bfc062723c751e8b465ee728b)  -> (artifact id: 'a0167f596edf35a1a105457ebc2f1743') in 0.013511 seconds 
========================================================================
Received Import Request.
  Time since last request: 0.000023 seconds.
  path: Assets/SimplePoly City - Low Poly Assets/Materials/Building_Super Market.mat
  artifactKey: Guid(50a5ebe9a8d86a04d8e3b59966418b04) Importer(815301076,1909f56bfc062723c751e8b465ee728b)
Start importing Assets/SimplePoly City - Low Poly Assets/Materials/Building_Super Market.mat using Guid(50a5ebe9a8d86a04d8e3b59966418b04) Importer(815301076,1909f56bfc062723c751e8b465ee728b)  -> (artifact id: '7c86deaeee4a462e185a4e845dccf96f') in 0.013835 seconds 
========================================================================
Received Import Request.
  Time since last request: 0.000016 seconds.
  path: Assets/SimplePoly City - Low Poly Assets/Materials/Building_House_04_color01.mat
  artifactKey: Guid(b5a19d15b0a91e74eacfaf96d03ca2f0) Importer(815301076,1909f56bfc062723c751e8b465ee728b)
Start importing Assets/SimplePoly City - Low Poly Assets/Materials/Building_House_04_color01.mat using Guid(b5a19d15b0a91e74eacfaf96d03ca2f0) Importer(815301076,1909f56bfc062723c751e8b465ee728b)  -> (artifact id: 'bd1e908776e890b0ab143b2fc7ee2302') in 0.014389 seconds 
========================================================================
Received Import Request.
  Time since last request: 0.000016 seconds.
  path: Assets/SimplePoly City - Low Poly Assets/Materials/Building_Drug Store.mat
  artifactKey: Guid(f9332e9be9cda3a4e8544e41a0366b6d) Importer(815301076,1909f56bfc062723c751e8b465ee728b)
Start importing Assets/SimplePoly City - Low Poly Assets/Materials/Building_Drug Store.mat using Guid(f9332e9be9cda3a4e8544e41a0366b6d) Importer(815301076,1909f56bfc062723c751e8b465ee728b)  -> (artifact id: 'e487fdb11f252d2bad170924b68f06f5') in 0.013794 seconds 
========================================================================
Received Import Request.
  Time since last request: 0.000023 seconds.
  path: Assets/SimplePoly City - Low Poly Assets/Materials/Building_Fast Food.mat
  artifactKey: Guid(0c04fafcb420315419fdbbeb0fb78464) Importer(815301076,1909f56bfc062723c751e8b465ee728b)
Start importing Assets/SimplePoly City - Low Poly Assets/Materials/Building_Fast Food.mat using Guid(0c04fafcb420315419fdbbeb0fb78464) Importer(815301076,1909f56bfc062723c751e8b465ee728b)  -> (artifact id: 'b53d5c0e195d5e346e95448725775921') in 0.014009 seconds 
========================================================================
Received Import Request.
  Time since last request: 0.000033 seconds.
  path: Assets/SimplePoly City - Low Poly Assets/Materials/Building_Bar.mat
  artifactKey: Guid(1a8b38fa8ecb06d4b8eadffe456fd574) Importer(815301076,1909f56bfc062723c751e8b465ee728b)
Start importing Assets/SimplePoly City - Low Poly Assets/Materials/Building_Bar.mat using Guid(1a8b38fa8ecb06d4b8eadffe456fd574) Importer(815301076,1909f56bfc062723c751e8b465ee728b)  -> (artifact id: '80945d7e8ab749c61802755cf9149515') in 0.015043 seconds 
========================================================================
Received Import Request.
  Time since last request: 0.000017 seconds.
  path: Assets/SimplePoly City - Low Poly Assets/Materials/Vehicle_Pick up Truck_color02.mat
  artifactKey: Guid(94d51beb0fcd7044885fa789ac899eb1) Importer(815301076,1909f56bfc062723c751e8b465ee728b)
Start importing Assets/SimplePoly City - Low Poly Assets/Materials/Vehicle_Pick up Truck_color02.mat using Guid(94d51beb0fcd7044885fa789ac899eb1) Importer(815301076,1909f56bfc062723c751e8b465ee728b)  -> (artifact id: '4f0b06a05b41483ab9717a883b640401') in 0.017169 seconds 
========================================================================
Received Import Request.
  Time since last request: 0.000014 seconds.
  path: Assets/SimplePoly City - Low Poly Assets/Materials/Building_Clothing.mat
  artifactKey: Guid(906011f6bacf9c9479526c7df3eacc75) Importer(815301076,1909f56bfc062723c751e8b465ee728b)
Start importing Assets/SimplePoly City - Low Poly Assets/Materials/Building_Clothing.mat using Guid(906011f6bacf9c9479526c7df3eacc75) Importer(815301076,1909f56bfc062723c751e8b465ee728b)  -> (artifact id: '867a31f0313342b4c77526e8960207c6') in 0.015121 seconds 
========================================================================
Received Import Request.
  Time since last request: 0.000024 seconds.
  path: Assets/SimplePoly City - Low Poly Assets/Materials/Road Concrete Tile.mat
  artifactKey: Guid(791087fbdef01f44fb204ef3dc5e6db8) Importer(815301076,1909f56bfc062723c751e8b465ee728b)
Start importing Assets/SimplePoly City - Low Poly Assets/Materials/Road Concrete Tile.mat using Guid(791087fbdef01f44fb204ef3dc5e6db8) Importer(815301076,1909f56bfc062723c751e8b465ee728b)  -> (artifact id: '5326f23815af623b2b89c0e384b7b41d') in 0.014889 seconds 
========================================================================
Received Import Request.
  Time since last request: 0.000017 seconds.
  path: Assets/SimplePoly City - Low Poly Assets/Materials/Building_Auto Service.mat
  artifactKey: Guid(38ce9279a60381844a3f6a85bac88a3e) Importer(815301076,1909f56bfc062723c751e8b465ee728b)
Start importing Assets/SimplePoly City - Low Poly Assets/Materials/Building_Auto Service.mat using Guid(38ce9279a60381844a3f6a85bac88a3e) Importer(815301076,1909f56bfc062723c751e8b465ee728b)  -> (artifact id: '6df7e18c8e5200282225d3f97b0d7902') in 0.017322 seconds 
========================================================================
Received Import Request.
  Time since last request: 0.000016 seconds.
  path: Assets/SimplePoly City - Low Poly Assets/Materials/Building_House_01_color03.mat
  artifactKey: Guid(b6d73c7816cc2914d8f49ccc54d19714) Importer(815301076,1909f56bfc062723c751e8b465ee728b)
Start importing Assets/SimplePoly City - Low Poly Assets/Materials/Building_House_01_color03.mat using Guid(b6d73c7816cc2914d8f49ccc54d19714) Importer(815301076,1909f56bfc062723c751e8b465ee728b)  -> (artifact id: '4d2cfa8be434a9aa8a814d38c8e1680d') in 0.013198 seconds 
========================================================================
Received Import Request.
  Time since last request: 0.000020 seconds.
  path: Assets/SimplePoly City - Low Poly Assets/Materials/Building Sky_small_color03.mat
  artifactKey: Guid(8f1cbf7d8b46f0c44ab5e32bfc3041a6) Importer(815301076,1909f56bfc062723c751e8b465ee728b)
Start importing Assets/SimplePoly City - Low Poly Assets/Materials/Building Sky_small_color03.mat using Guid(8f1cbf7d8b46f0c44ab5e32bfc3041a6) Importer(815301076,1909f56bfc062723c751e8b465ee728b)  -> (artifact id: '78215e0317a81085655580847a9d3330') in 0.016256 seconds 
========================================================================
Received Import Request.
  Time since last request: 0.000017 seconds.
  path: Assets/SimplePoly City - Low Poly Assets/Materials/Building Sky_small_color02.mat
  artifactKey: Guid(c16376cb5b7e25b429aa618d4386f4ea) Importer(815301076,1909f56bfc062723c751e8b465ee728b)
Start importing Assets/SimplePoly City - Low Poly Assets/Materials/Building Sky_small_color02.mat using Guid(c16376cb5b7e25b429aa618d4386f4ea) Importer(815301076,1909f56bfc062723c751e8b465ee728b)  -> (artifact id: 'ce1147b10fbec90ed0d789be0bf525ab') in 0.018269 seconds 
========================================================================
Received Import Request.
  Time since last request: 0.000017 seconds.
  path: Assets/SimplePoly City - Low Poly Assets/Materials/Building_Music Store.mat
  artifactKey: Guid(82af60631a0969d44b0bf6becad3dc6e) Importer(815301076,1909f56bfc062723c751e8b465ee728b)
Start importing Assets/SimplePoly City - Low Poly Assets/Materials/Building_Music Store.mat using Guid(82af60631a0969d44b0bf6becad3dc6e) Importer(815301076,1909f56bfc062723c751e8b465ee728b)  -> (artifact id: '3778d5bce08a04242c77976f3e86a2b5') in 0.021809 seconds 
========================================================================
Received Import Request.
  Time since last request: 0.000026 seconds.
  path: Assets/SimplePoly City - Low Poly Assets/Materials/Building_Books Shop.mat
  artifactKey: Guid(d2be81fdd0927fa40a4ac00be93d9bf6) Importer(815301076,1909f56bfc062723c751e8b465ee728b)
Start importing Assets/SimplePoly City - Low Poly Assets/Materials/Building_Books Shop.mat using Guid(d2be81fdd0927fa40a4ac00be93d9bf6) Importer(815301076,1909f56bfc062723c751e8b465ee728b)  -> (artifact id: '39ab19894f4a09e04d9da12bf5a7341a') in 0.013777 seconds 
========================================================================
Received Import Request.
  Time since last request: 0.000027 seconds.
  path: Assets/SimplePoly City - Low Poly Assets/Materials/Building_Stadium.mat
  artifactKey: Guid(748bc3a1eddacab499ba4248377c18a3) Importer(815301076,1909f56bfc062723c751e8b465ee728b)
Start importing Assets/SimplePoly City - Low Poly Assets/Materials/Building_Stadium.mat using Guid(748bc3a1eddacab499ba4248377c18a3) Importer(815301076,1909f56bfc062723c751e8b465ee728b)  -> (artifact id: '09331509ec0e08ef33d7f9ff4ae97cec') in 0.013942 seconds 
========================================================================
Received Import Request.
  Time since last request: 0.000021 seconds.
  path: Assets/SimplePoly City - Low Poly Assets/Materials/Props_RoofProps.mat
  artifactKey: Guid(9e031cf10ecdeb64486f21e9f55ffcfd) Importer(815301076,1909f56bfc062723c751e8b465ee728b)
Start importing Assets/SimplePoly City - Low Poly Assets/Materials/Props_RoofProps.mat using Guid(9e031cf10ecdeb64486f21e9f55ffcfd) Importer(815301076,1909f56bfc062723c751e8b465ee728b)  -> (artifact id: 'ae0430e7e6e64ae2d990c422a2f0ba70') in 0.016056 seconds 
========================================================================
Received Import Request.
  Time since last request: 0.000025 seconds.
  path: Assets/SimplePoly City - Low Poly Assets/Materials/Vehicle_Truck_color03.mat
  artifactKey: Guid(7e719e1ad4449a2489e25a6f4d6e8019) Importer(815301076,1909f56bfc062723c751e8b465ee728b)
Start importing Assets/SimplePoly City - Low Poly Assets/Materials/Vehicle_Truck_color03.mat using Guid(7e719e1ad4449a2489e25a6f4d6e8019) Importer(815301076,1909f56bfc062723c751e8b465ee728b)  -> (artifact id: '9336c6380a3cb8ff687a7294b19cde6a') in 0.015289 seconds 
========================================================================
Received Import Request.
  Time since last request: 0.000016 seconds.
  path: Assets/SimplePoly City - Low Poly Assets/Materials/Vehicle_Truck_color02.mat
  artifactKey: Guid(aa873d2eb05f7a249b6c4af961517216) Importer(815301076,1909f56bfc062723c751e8b465ee728b)
Start importing Assets/SimplePoly City - Low Poly Assets/Materials/Vehicle_Truck_color02.mat using Guid(aa873d2eb05f7a249b6c4af961517216) Importer(815301076,1909f56bfc062723c751e8b465ee728b)  -> (artifact id: 'ca20bea61c271ddc7678d6de39591130') in 0.013828 seconds 
========================================================================
Received Import Request.
  Time since last request: 0.000018 seconds.
  path: Assets/SimplePoly City - Low Poly Assets/Materials/Building_House_02_color03.mat
  artifactKey: Guid(c622c6f6cb906dd47b5fd1368346e0c8) Importer(815301076,1909f56bfc062723c751e8b465ee728b)
Start importing Assets/SimplePoly City - Low Poly Assets/Materials/Building_House_02_color03.mat using Guid(c622c6f6cb906dd47b5fd1368346e0c8) Importer(815301076,1909f56bfc062723c751e8b465ee728b)  -> (artifact id: '46c35dea6fbee4b6bba557855b948a68') in 0.013329 seconds 
========================================================================
Received Import Request.
  Time since last request: 0.000016 seconds.
  path: Assets/SimplePoly City - Low Poly Assets/Materials/Building_House_04_color03.mat
  artifactKey: Guid(ecb113d6169c1ea49ae708ac05a9128c) Importer(815301076,1909f56bfc062723c751e8b465ee728b)
Start importing Assets/SimplePoly City - Low Poly Assets/Materials/Building_House_04_color03.mat using Guid(ecb113d6169c1ea49ae708ac05a9128c) Importer(815301076,1909f56bfc062723c751e8b465ee728b)  -> (artifact id: '7f5279c4f51030e3dd4930d9ff69fc9e') in 0.013824 seconds 
========================================================================
Received Import Request.
  Time since last request: 0.000018 seconds.
  path: Assets/SimplePoly City - Low Poly Assets/Materials/Vehicle_Ambulance.mat
  artifactKey: Guid(fded615538aced440887a3468715a826) Importer(815301076,1909f56bfc062723c751e8b465ee728b)
Start importing Assets/SimplePoly City - Low Poly Assets/Materials/Vehicle_Ambulance.mat using Guid(fded615538aced440887a3468715a826) Importer(815301076,1909f56bfc062723c751e8b465ee728b)  -> (artifact id: '02891e8be65b44ca7e071aa9b292e416') in 0.014707 seconds 
========================================================================
Received Import Request.
  Time since last request: 0.000016 seconds.
  path: Assets/SimplePoly City - Low Poly Assets/Materials/Vehicle_Police Car.mat
  artifactKey: Guid(ca1eb6db662c95e47b63cb150cf463f9) Importer(815301076,1909f56bfc062723c751e8b465ee728b)
Start importing Assets/SimplePoly City - Low Poly Assets/Materials/Vehicle_Police Car.mat using Guid(ca1eb6db662c95e47b63cb150cf463f9) Importer(815301076,1909f56bfc062723c751e8b465ee728b)  -> (artifact id: 'e8f870ba841bb571cc7aa7de9533f59b') in 0.012798 seconds 
========================================================================
Received Import Request.
  Time since last request: 0.000024 seconds.
  path: Assets/SimplePoly City - Low Poly Assets/Materials/Building_House_04_color02.mat
  artifactKey: Guid(5969c1f4dba612842ac19dbf345dd211) Importer(815301076,1909f56bfc062723c751e8b465ee728b)
Start importing Assets/SimplePoly City - Low Poly Assets/Materials/Building_House_04_color02.mat using Guid(5969c1f4dba612842ac19dbf345dd211) Importer(815301076,1909f56bfc062723c751e8b465ee728b)  -> (artifact id: '95575ccc6cd665fb382abb94af51e686') in 0.013807 seconds 
========================================================================
Received Import Request.
  Time since last request: 0.000022 seconds.
  path: Assets/SimplePoly City - Low Poly Assets/Materials/Building_Factory.mat
  artifactKey: Guid(abc266de8c01de040bfa48da3f006d12) Importer(815301076,1909f56bfc062723c751e8b465ee728b)
Start importing Assets/SimplePoly City - Low Poly Assets/Materials/Building_Factory.mat using Guid(abc266de8c01de040bfa48da3f006d12) Importer(815301076,1909f56bfc062723c751e8b465ee728b)  -> (artifact id: '8a9b0d008a5c3c992b3e780134a26e91') in 0.013419 seconds 
========================================================================
Received Import Request.
  Time since last request: 0.000022 seconds.
  path: Assets/SimplePoly City - Low Poly Assets/Materials/Natures.mat
  artifactKey: Guid(39f651e340882304fa6f21b321d3bea5) Importer(815301076,1909f56bfc062723c751e8b465ee728b)
Start importing Assets/SimplePoly City - Low Poly Assets/Materials/Natures.mat using Guid(39f651e340882304fa6f21b321d3bea5) Importer(815301076,1909f56bfc062723c751e8b465ee728b)  -> (artifact id: 'a2fc2df87a8fb23813bf2a43b8dde1c2') in 0.014856 seconds 
========================================================================
Received Import Request.
  Time since last request: 0.000021 seconds.
  path: Assets/SimplePoly City - Low Poly Assets/Materials/Vehicle_Container_color01.mat
  artifactKey: Guid(992fb1e4bf06a5b488783670728d3f46) Importer(815301076,1909f56bfc062723c751e8b465ee728b)
Start importing Assets/SimplePoly City - Low Poly Assets/Materials/Vehicle_Container_color01.mat using Guid(992fb1e4bf06a5b488783670728d3f46) Importer(815301076,1909f56bfc062723c751e8b465ee728b)  -> (artifact id: '7c479d37b049b163ec6a0e6759c9e4c9') in 0.015227 seconds 
========================================================================
Received Import Request.
  Time since last request: 0.000025 seconds.
  path: Assets/SimplePoly City - Low Poly Assets/Materials/Vehicle_Car_color03.mat
  artifactKey: Guid(37608e6988151a248951cdd1a93a59c5) Importer(815301076,1909f56bfc062723c751e8b465ee728b)
Start importing Assets/SimplePoly City - Low Poly Assets/Materials/Vehicle_Car_color03.mat using Guid(37608e6988151a248951cdd1a93a59c5) Importer(815301076,1909f56bfc062723c751e8b465ee728b)  -> (artifact id: '785b3c7cfdfaa5ed1a721e7a31114a17') in 0.014871 seconds 
========================================================================
Received Import Request.
  Time since last request: 0.000020 seconds.
  path: Assets/SimplePoly City - Low Poly Assets/Materials/Vehicle_Pick up Truck_color01.mat
  artifactKey: Guid(3ec7be87852e30f49a754a666cd49e56) Importer(815301076,1909f56bfc062723c751e8b465ee728b)
Start importing Assets/SimplePoly City - Low Poly Assets/Materials/Vehicle_Pick up Truck_color01.mat using Guid(3ec7be87852e30f49a754a666cd49e56) Importer(815301076,1909f56bfc062723c751e8b465ee728b)  -> (artifact id: '3752e2d8b12bb7d4a3614302c5c01c1b') in 0.013287 seconds 
========================================================================
Received Import Request.
  Time since last request: 0.000018 seconds.
  path: Assets/SimplePoly City - Low Poly Assets/Materials/Vehicle_Bus_color03.mat
  artifactKey: Guid(8659c6f38f710284c9a623201882790c) Importer(815301076,1909f56bfc062723c751e8b465ee728b)
Start importing Assets/SimplePoly City - Low Poly Assets/Materials/Vehicle_Bus_color03.mat using Guid(8659c6f38f710284c9a623201882790c) Importer(815301076,1909f56bfc062723c751e8b465ee728b)  -> (artifact id: '54bc2228f1ea068fcbc9d5acb519780a') in 0.013384 seconds 
========================================================================
Received Import Request.
  Time since last request: 17.084529 seconds.
  path: Assets/SimplePoly City - Low Poly Assets/Prefab
  artifactKey: Guid(01ddcc7def6e986459dd0d27059031fb) Importer(815301076,1909f56bfc062723c751e8b465ee728b)
Start importing Assets/SimplePoly City - Low Poly Assets/Prefab using Guid(01ddcc7def6e986459dd0d27059031fb) Importer(815301076,1909f56bfc062723c751e8b465ee728b)  -> (artifact id: '47aff9dd0776249bf7cfebda1d9738bb') in 0.009781 seconds 
========================================================================
Received Prepare
Registering precompiled user dll's ...
Registered in 0.008844 seconds.
Begin MonoManager ReloadAssembly
Symbol file LoadedFromMemory doesn't match image C:\Users\admin\Documents\GitHub\VRUniverse\VRUcheba\Library\PackageCache\com.unity.visualscripting@1.7.8\Editor\VisualScripting.Core\Dependencies\DotNetZip\Unity.VisualScripting.IonicZip.dll
Symbol file LoadedFromMemory doesn't match image C:\Users\admin\Documents\GitHub\VRUniverse\VRUcheba\Library\PackageCache\com.unity.visualscripting@1.7.8\Editor\VisualScripting.Core\Dependencies\YamlDotNet\Unity.VisualScripting.YamlDotNet.dll
Native extension for WindowsStandalone target not found
Native extension for Android target not found
Refreshing native plugins compatible for Editor in 1.21 ms, found 14 plugins.
Preloading 1 native plugins for Editor in 0.12 ms.
System.Reflection.TargetInvocationException: Exception has been thrown by the target of an invocation. ---> System.NullReferenceException: Object reference not set to an instance of an object
  at Unity.XR.Oculus.OculusLoader.AssetPathToAbsolutePath (System.String assetPath) [0x0003d] in C:\Users\admin\Documents\GitHub\VRUniverse\VRUcheba\Library\PackageCache\com.unity.xr.oculus@3.0.2\Runtime\OculusLoader.cs:271 
  at Unity.XR.Oculus.OculusLoader.EditorLoadOVRPlugin () [0x0007b] in C:\Users\admin\Documents\GitHub\VRUniverse\VRUcheba\Library\PackageCache\com.unity.xr.oculus@3.0.2\Runtime\OculusLoader.cs:256 
  at (wrapper managed-to-native) System.Reflection.RuntimeMethodInfo.InternalInvoke(System.Reflection.RuntimeMethodInfo,object,object[],System.Exception&)
  at System.Reflection.RuntimeMethodInfo.Invoke (System.Object obj, System.Reflection.BindingFlags invokeAttr, System.Reflection.Binder binder, System.Object[] parameters, System.Globalization.CultureInfo culture) [0x0006a] in <9aad1b3a47484d63ba2b3985692d80e9>:0 
   --- End of inner exception stack trace ---
  at System.Reflection.RuntimeMethodInfo.Invoke (System.Object obj, System.Reflection.BindingFlags invokeAttr, System.Reflection.Binder binder, System.Object[] parameters, System.Globalization.CultureInfo culture) [0x00083] in <9aad1b3a47484d63ba2b3985692d80e9>:0 
  at System.Reflection.MethodBase.Invoke (System.Object obj, System.Object[] parameters) [0x00000] in <9aad1b3a47484d63ba2b3985692d80e9>:0 
  at UnityEditor.EditorAssemblies.ProcessInitializeOnLoadMethodAttributes () [0x000a5] in <4e64905d831f4883a53259ef37fb023b>:0 
UnityEngine.StackTraceUtility:ExtractStackTrace ()
UnityEngine.DebugLogHandler:LogFormat (UnityEngine.LogType,UnityEngine.Object,string,object[])
UnityEngine.Logger:Log (UnityEngine.LogType,object)
UnityEngine.Debug:LogError (object)
UnityEditor.EditorAssemblies:ProcessInitializeOnLoadMethodAttributes ()

Mono: successfully reloaded assembly
- Completed reload, in  1.124 seconds
Domain Reload Profiling:
	ReloadAssembly (1125ms)
		BeginReloadAssembly (128ms)
			ExecutionOrderSort (0ms)
			DisableScriptedObjects (4ms)
			BackupInstance (0ms)
			ReleaseScriptingObjects (0ms)
			CreateAndSetChildDomain (41ms)
		EndReloadAssembly (892ms)
			LoadAssemblies (79ms)
			RebuildTransferFunctionScriptingTraits (0ms)
			SetupTypeCache (310ms)
			ReleaseScriptCaches (1ms)
			RebuildScriptCaches (42ms)
			SetupLoadedEditorAssemblies (402ms)
				LogAssemblyErrors (0ms)
				InitializePlatformSupportModulesInManaged (22ms)
				SetLoadedEditorAssemblies (0ms)
				RefreshPlugins (1ms)
				BeforeProcessingInitializeOnLoad (78ms)
				ProcessInitializeOnLoadAttributes (259ms)
				ProcessInitializeOnLoadMethodAttributes (34ms)
				AfterProcessingInitializeOnLoad (7ms)
				EditorAssembliesLoaded (0ms)
			ExecutionOrderSort2 (0ms)
			AwakeInstancesAfterBackupRestoration (6ms)
Platform modules already initialized, skipping
Refreshing native plugins compatible for Editor in 5.81 ms, found 14 plugins.
Preloading 1 native plugins for Editor in 0.07 ms.
Unloading 4313 Unused Serialized files (Serialized files now loaded: 0)
Unloading 41 unused Assets / (80.2 KB). Loaded Objects now: 4872.
Memory consumption went from 158.7 MB to 158.6 MB.
Total: 3.056600 ms (FindLiveObjects: 0.336600 ms CreateObjectMapping: 0.244800 ms MarkObjects: 2.380800 ms  DeleteObjects: 0.093800 ms)

AssetImportParameters requested are different than current active one (requested -> active):
  custom:video-decoder-ogg-theora: a1e56fd34408186e4bbccfd4996cb3dc -> 
  custom:container-muxer-webm: aa71ff27fc2769a1b78a27578f13a17b -> 
  custom:container-demuxer-webm: 4f35f7cbe854078d1ac9338744f61a02 -> 
  custom:video-encoder-webm-vp8: eb34c28f22e8b96e1ab97ce403110664 -> 
  custom:audio-encoder-webm-vorbis: bf7c407c2cedff20999df2af8eb42d56 -> 
  custom:framework-win-MediaFoundation: 216162199b28c13a410421893ffa2e32 -> 
  custom:container-demuxer-ogg: 62fdf1f143b41e24485cea50d1cbac27 -> 
  custom:video-decoder-webm-vp8: 9c59270c3fd7afecdb556c50c9e8de78 -> 
  custom:audio-decoder-ogg-vorbis: bf7c407c2cedff20999df2af8eb42d56 -> 
========================================================================
Received Import Request.
  Time since last request: 515.226834 seconds.
  path: Assets/8K Skybox Pack Free/Skyboxes/Material/sky-1.mat
  artifactKey: Guid(c8e304140c860744783e1aa250535791) Importer(815301076,1909f56bfc062723c751e8b465ee728b)
Start importing Assets/8K Skybox Pack Free/Skyboxes/Material/sky-1.mat using Guid(c8e304140c860744783e1aa250535791) Importer(815301076,1909f56bfc062723c751e8b465ee728b)  -> (artifact id: '5161ad73f4b50df03ed618c9e5e40c5f') in 0.148668 seconds 
========================================================================
Received Import Request.
  Time since last request: 0.000021 seconds.
  path: Assets/8K Skybox Pack Free/Skyboxes/Material/sky-3.mat
  artifactKey: Guid(23002981675cee84bbbebf0794b85ea2) Importer(815301076,1909f56bfc062723c751e8b465ee728b)
Start importing Assets/8K Skybox Pack Free/Skyboxes/Material/sky-3.mat using Guid(23002981675cee84bbbebf0794b85ea2) Importer(815301076,1909f56bfc062723c751e8b465ee728b)  -> (artifact id: '1daef4992532fb1fb58214f0a69213df') in 0.047505 seconds 
========================================================================
Received Import Request.
  Time since last request: 0.000031 seconds.
  path: Assets/8K Skybox Pack Free/Skyboxes/Material/sky-6.mat
  artifactKey: Guid(b87cacf51931a5841b5931a664fd0730) Importer(815301076,1909f56bfc062723c751e8b465ee728b)
Start importing Assets/8K Skybox Pack Free/Skyboxes/Material/sky-6.mat using Guid(b87cacf51931a5841b5931a664fd0730) Importer(815301076,1909f56bfc062723c751e8b465ee728b)  -> (artifact id: 'c95c595fb0e09f177ae7b0a101a6735d') in 0.052485 seconds 
========================================================================
Received Import Request.
  Time since last request: 0.000024 seconds.
  path: Assets/8K Skybox Pack Free/Skyboxes/Material/sky-4.mat
  artifactKey: Guid(4e4980336892d9546bf0bf0e3f30c265) Importer(815301076,1909f56bfc062723c751e8b465ee728b)
Start importing Assets/8K Skybox Pack Free/Skyboxes/Material/sky-4.mat using Guid(4e4980336892d9546bf0bf0e3f30c265) Importer(815301076,1909f56bfc062723c751e8b465ee728b)  -> (artifact id: '391ce8bd7cfdc43e8265cb4d3286d8f5') in 0.055801 seconds 
========================================================================
Received Import Request.
  Time since last request: 0.000030 seconds.
  path: Assets/8K Skybox Pack Free/Skyboxes/Material/sky-11.mat
  artifactKey: Guid(0657637449dfba34f84c2e4cf23683b6) Importer(815301076,1909f56bfc062723c751e8b465ee728b)
Start importing Assets/8K Skybox Pack Free/Skyboxes/Material/sky-11.mat using Guid(0657637449dfba34f84c2e4cf23683b6) Importer(815301076,1909f56bfc062723c751e8b465ee728b)  -> (artifact id: '834ae55fa0110e26212db2f837bab250') in 0.053557 seconds 
========================================================================
Received Import Request.
  Time since last request: 0.000026 seconds.
  path: Assets/8K Skybox Pack Free/Skyboxes/Material/sky-9.mat
  artifactKey: Guid(52d44e5692d0c134f9b2ed3abd21fb73) Importer(815301076,1909f56bfc062723c751e8b465ee728b)
Start importing Assets/8K Skybox Pack Free/Skyboxes/Material/sky-9.mat using Guid(52d44e5692d0c134f9b2ed3abd21fb73) Importer(815301076,1909f56bfc062723c751e8b465ee728b)  -> (artifact id: '831c2f6775d64981ad090985c1e14b29') in 0.056656 seconds 
========================================================================
Received Import Request.
  Time since last request: 0.000034 seconds.
  path: Assets/8K Skybox Pack Free/Skyboxes/Material/sky-7.mat
  artifactKey: Guid(5336727d7be32404c9ac396789142e1c) Importer(815301076,1909f56bfc062723c751e8b465ee728b)
Start importing Assets/8K Skybox Pack Free/Skyboxes/Material/sky-7.mat using Guid(5336727d7be32404c9ac396789142e1c) Importer(815301076,1909f56bfc062723c751e8b465ee728b)  -> (artifact id: 'cfecd4044e67d4b5b74fb15f153541e0') in 0.044393 seconds 
